<?xml version="1.0" encoding="UTF-8"?>
<testsuite name="Run on Chrome"
           tests="3"
           failures="0"
           errors="0"
           skipped="0"
           time="7.457">
  <properties />
  
  
            <testcase name="User_02_Login" time="2.759" classname="com.nopcommerce.user.Level_20_Manage_Test_Data_By_External_File" />
                <testcase name="User_03_My_Account" time="0.872" classname="com.nopcommerce.user.Level_20_Manage_Test_Data_By_External_File" />
                <testcase name="User_01_Register" time="3.826" classname="com.nopcommerce.user.Level_20_Manage_Test_Data_By_External_File" />
      
</testsuite>
